2018-10-13 05:04:35 Warning: DebugKit is disabling itself as your host `52.193.64.226` is not in the known safe list of top-level-domains (localhost, dev, invalid, test, example, local). If you would like to force DebugKit on use the `DebugKit.forceEnable` Configure option.
2018-10-13 05:04:35 Warning: Warning (512): /var/www/html/ideart/tmp/cache/ is not writable in [/var/www/html/ideart/vendor/cakephp/cakephp/src/Cache/Engine/FileEngine.php, line 437]
Trace:
Cake\Error\BaseErrorHandler::handleError() - CORE/src/Error/BaseErrorHandler.php, line 159
Cake\Cache\Engine\FileEngine::_active() - CORE/src/Cache/Engine/FileEngine.php, line 437
Cake\Cache\Engine\FileEngine::init() - CORE/src/Cache/Engine/FileEngine.php, line 105
Cake\Cache\CacheRegistry::_create() - CORE/src/Cache/CacheRegistry.php, line 90
Cake\Core\ObjectRegistry::load() - CORE/src/Core/ObjectRegistry.php, line 97
Cake\Cache\Cache::_buildEngine() - CORE/src/Cache/Cache.php, line 172
Cake\Cache\Cache::engine() - CORE/src/Cache/Cache.php, line 232
Cake\Cache\Cache::read() - CORE/src/Cache/Cache.php, line 360
Cake\Cache\Cache::remember() - CORE/src/Cache/Cache.php, line 628
Cake\Routing\Middleware\RoutingMiddleware::buildRouteCollection() - CORE/src/Routing/Middleware/RoutingMiddleware.php, line 95
Cake\Routing\Middleware\RoutingMiddleware::loadRoutes() - CORE/src/Routing/Middleware/RoutingMiddleware.php, line 81
Cake\Routing\Middleware\RoutingMiddleware::__invoke() - CORE/src/Routing/Middleware/RoutingMiddleware.php, line 130
Cake\Http\Runner::__invoke() - CORE/src/Http/Runner.php, line 65
Cake\Routing\Middleware\AssetMiddleware::__invoke() - CORE/src/Routing/Middleware/AssetMiddleware.php, line 88
Cake\Http\Runner::__invoke() - CORE/src/Http/Runner.php, line 65
Cake\Error\Middleware\ErrorHandlerMiddleware::__invoke() - CORE/src/Error/Middleware/ErrorHandlerMiddleware.php, line 98
Cake\Http\Runner::__invoke() - CORE/src/Http/Runner.php, line 65
Cake\Http\Runner::run() - CORE/src/Http/Runner.php, line 51
Cake\Http\Server::run() - CORE/src/Http/Server.php, line 98
require - ROOT/webroot/index.php, line 40
[main] - ROOT/index.php, line 16



2018-10-13 05:04:35 Warning: Warning (512): _cake_routes_ cache was unable to write 'routeCollection' to Cake\Cache\Engine\FileEngine cache in [/var/www/html/ideart/vendor/cakephp/cakephp/src/Cache/Cache.php, line 290]
Trace:
Cake\Error\BaseErrorHandler::handleError() - CORE/src/Error/BaseErrorHandler.php, line 159
Cake\Cache\Cache::write() - CORE/src/Cache/Cache.php, line 290
Cake\Cache\Cache::remember() - CORE/src/Cache/Cache.php, line 633
Cake\Routing\Middleware\RoutingMiddleware::buildRouteCollection() - CORE/src/Routing/Middleware/RoutingMiddleware.php, line 95
Cake\Routing\Middleware\RoutingMiddleware::loadRoutes() - CORE/src/Routing/Middleware/RoutingMiddleware.php, line 81
Cake\Routing\Middleware\RoutingMiddleware::__invoke() - CORE/src/Routing/Middleware/RoutingMiddleware.php, line 130
Cake\Http\Runner::__invoke() - CORE/src/Http/Runner.php, line 65
Cake\Routing\Middleware\AssetMiddleware::__invoke() - CORE/src/Routing/Middleware/AssetMiddleware.php, line 88
Cake\Http\Runner::__invoke() - CORE/src/Http/Runner.php, line 65
Cake\Error\Middleware\ErrorHandlerMiddleware::__invoke() - CORE/src/Error/Middleware/ErrorHandlerMiddleware.php, line 98
Cake\Http\Runner::__invoke() - CORE/src/Http/Runner.php, line 65
Cake\Http\Runner::run() - CORE/src/Http/Runner.php, line 51
Cake\Http\Server::run() - CORE/src/Http/Server.php, line 98
require - ROOT/webroot/index.php, line 40
[main] - ROOT/index.php, line 16



2018-10-13 05:04:35 Warning: Warning (512): Unable to emit headers. Headers sent in file=/var/www/html/ideart/vendor/cakephp/cakephp/src/Error/Debugger.php line=853 in [/var/www/html/ideart/vendor/cakephp/cakephp/src/Http/ResponseEmitter.php, line 48]
Request URL: /
Client IP: 182.251.253.46
Trace:
Cake\Error\BaseErrorHandler::handleError() - CORE/src/Error/BaseErrorHandler.php, line 159
Cake\Http\ResponseEmitter::emit() - CORE/src/Http/ResponseEmitter.php, line 48
Cake\Http\Server::emit() - CORE/src/Http/Server.php, line 141
require - ROOT/webroot/index.php, line 40
[main] - ROOT/index.php, line 16



2018-10-13 05:04:35 Warning: Warning (2): Cannot modify header information - headers already sent by (output started at /var/www/html/ideart/vendor/cakephp/cakephp/src/Error/Debugger.php:853) in [/var/www/html/ideart/vendor/cakephp/cakephp/src/Http/ResponseEmitter.php, line 148]
Request URL: /
Client IP: 182.251.253.46
Trace:
Cake\Error\BaseErrorHandler::handleError() - CORE/src/Error/BaseErrorHandler.php, line 159
header - [internal], line ??
Cake\Http\ResponseEmitter::emitStatusLine() - CORE/src/Http/ResponseEmitter.php, line 148
Cake\Http\ResponseEmitter::emit() - CORE/src/Http/ResponseEmitter.php, line 54
Cake\Http\Server::emit() - CORE/src/Http/Server.php, line 141
require - ROOT/webroot/index.php, line 40
[main] - ROOT/index.php, line 16



2018-10-13 05:04:35 Warning: Warning (2): Cannot modify header information - headers already sent by (output started at /var/www/html/ideart/vendor/cakephp/cakephp/src/Error/Debugger.php:853) in [/var/www/html/ideart/vendor/cakephp/cakephp/src/Http/ResponseEmitter.php, line 181]
Request URL: /
Client IP: 182.251.253.46
Trace:
Cake\Error\BaseErrorHandler::handleError() - CORE/src/Error/BaseErrorHandler.php, line 159
header - [internal], line ??
Cake\Http\ResponseEmitter::emitHeaders() - CORE/src/Http/ResponseEmitter.php, line 181
Cake\Http\ResponseEmitter::emit() - CORE/src/Http/ResponseEmitter.php, line 55
Cake\Http\Server::emit() - CORE/src/Http/Server.php, line 141
require - ROOT/webroot/index.php, line 40
[main] - ROOT/index.php, line 16



2018-10-13 05:04:35 Warning: Warning (2): Cannot modify header information - headers already sent by (output started at /var/www/html/ideart/vendor/cakephp/cakephp/src/Error/Debugger.php:853) in [/var/www/html/ideart/vendor/cakephp/cakephp/src/Http/ResponseEmitter.php, line 206]
Request URL: /
Client IP: 182.251.253.46
Trace:
Cake\Error\BaseErrorHandler::handleError() - CORE/src/Error/BaseErrorHandler.php, line 159
setcookie - [internal], line ??
Cake\Http\ResponseEmitter::emitCookies() - CORE/src/Http/ResponseEmitter.php, line 206
Cake\Http\ResponseEmitter::emitHeaders() - CORE/src/Http/ResponseEmitter.php, line 186
Cake\Http\ResponseEmitter::emit() - CORE/src/Http/ResponseEmitter.php, line 55
Cake\Http\Server::emit() - CORE/src/Http/Server.php, line 141
require - ROOT/webroot/index.php, line 40
[main] - ROOT/index.php, line 16



2018-10-13 05:05:12 Warning: DebugKit is disabling itself as your host `52.193.64.226` is not in the known safe list of top-level-domains (localhost, dev, invalid, test, example, local). If you would like to force DebugKit on use the `DebugKit.forceEnable` Configure option.
2018-10-13 05:07:05 Warning: DebugKit is disabling itself as your host `52.193.64.226` is not in the known safe list of top-level-domains (localhost, dev, invalid, test, example, local). If you would like to force DebugKit on use the `DebugKit.forceEnable` Configure option.
2018-10-13 05:07:26 Warning: DebugKit is disabling itself as your host `52.193.64.226` is not in the known safe list of top-level-domains (localhost, dev, invalid, test, example, local). If you would like to force DebugKit on use the `DebugKit.forceEnable` Configure option.
2018-10-13 05:11:04 Warning: DebugKit is disabling itself as your host `13.112.100.125` is not in the known safe list of top-level-domains (localhost, dev, invalid, test, example, local). If you would like to force DebugKit on use the `DebugKit.forceEnable` Configure option.
2018-10-13 05:11:49 Warning: DebugKit is disabling itself as your host `13.112.100.125` is not in the known safe list of top-level-domains (localhost, dev, invalid, test, example, local). If you would like to force DebugKit on use the `DebugKit.forceEnable` Configure option.
2018-10-13 05:19:59 Warning: DebugKit is disabling itself as your host `13.112.100.125` is not in the known safe list of top-level-domains (localhost, dev, invalid, test, example, local). If you would like to force DebugKit on use the `DebugKit.forceEnable` Configure option.
2018-10-13 05:20:08 Warning: DebugKit is disabling itself as your host `13.112.100.125` is not in the known safe list of top-level-domains (localhost, dev, invalid, test, example, local). If you would like to force DebugKit on use the `DebugKit.forceEnable` Configure option.
2018-10-13 05:20:35 Warning: DebugKit is disabling itself as your host `13.112.100.125` is not in the known safe list of top-level-domains (localhost, dev, invalid, test, example, local). If you would like to force DebugKit on use the `DebugKit.forceEnable` Configure option.
2018-10-13 05:22:00 Warning: DebugKit is disabling itself as your host `13.112.100.125` is not in the known safe list of top-level-domains (localhost, dev, invalid, test, example, local). If you would like to force DebugKit on use the `DebugKit.forceEnable` Configure option.
2018-10-13 05:22:08 Warning: DebugKit is disabling itself as your host `13.112.100.125` is not in the known safe list of top-level-domains (localhost, dev, invalid, test, example, local). If you would like to force DebugKit on use the `DebugKit.forceEnable` Configure option.
